2022-12-27 20:20:48,670 [Worker-2: Loading available Gradle versions] INFO  o.e.b.c.i.u.g.PublishedGradleVersions - Gradle version information cache is up-to-date. Trying to read.
2022-12-27 20:22:28,012 [Worker-8: Creating project "study"] INFO  o.e.m.c.i.l.LifecycleMappingFactory - Using org.eclipse.m2e.jdt.JarLifecycleMapping lifecycle mapping for MavenProject: com.douzone:study:0.0.1-SNAPSHOT @ C:\Users\승학산-16\Desktop\새 폴더\study\pom.xml.
2022-12-27 20:22:28,668 [Worker-8: Creating project "study"] INFO  o.e.m.j.i.AbstractJavaProjectConfigurator - Adding source folder /study/src/main/java
2022-12-27 20:22:28,669 [Worker-8: Creating project "study"] INFO  o.e.m.j.i.AbstractJavaProjectConfigurator - Adding resource folder /study/src/main/resources
2022-12-27 20:22:28,671 [Worker-8: Creating project "study"] INFO  o.e.m.j.i.AbstractJavaProjectConfigurator - Adding source folder /study/src/test/java
2022-12-27 20:22:28,671 [Worker-8: Creating project "study"] INFO  o.e.m.j.i.AbstractJavaProjectConfigurator - Adding resource folder /study/src/test/resources
2022-12-27 20:22:29,220 [Worker-12: Building] WARN  o.e.m.c.i.embedder.EclipseLogger - Using platform encoding (MS949 actually) to copy filtered resources, i.e. build is platform dependent!
2022-12-27 20:22:29,225 [Worker-12: Building] INFO  o.e.m.c.i.embedder.EclipseLogger - Copying 0 resource
2022-12-27 20:22:29,228 [Worker-12: Building] WARN  o.e.m.c.i.embedder.EclipseLogger - Using platform encoding (MS949 actually) to copy filtered resources, i.e. build is platform dependent!
2022-12-27 20:22:29,228 [Worker-12: Building] INFO  o.e.m.c.i.embedder.EclipseLogger - Copying 0 resource
2022-12-27 20:23:05,408 [Worker-8: Building] INFO  o.e.m.c.i.l.LifecycleMappingFactory - Using org.eclipse.m2e.jdt.JarLifecycleMapping lifecycle mapping for MavenProject: com.douzone:study:0.0.1-SNAPSHOT @ C:\Users\승학산-16\Desktop\새 폴더\study\pom.xml.
2022-12-27 20:23:05,471 [Worker-8: Building] WARN  o.e.m.c.i.embedder.EclipseLogger - Using platform encoding (MS949 actually) to copy filtered resources, i.e. build is platform dependent!
2022-12-27 20:23:05,472 [Worker-8: Building] INFO  o.e.m.c.i.embedder.EclipseLogger - Copying 0 resource
2022-12-27 20:23:05,474 [Worker-8: Building] WARN  o.e.m.c.i.embedder.EclipseLogger - Using platform encoding (MS949 actually) to copy filtered resources, i.e. build is platform dependent!
2022-12-27 20:23:05,475 [Worker-8: Building] INFO  o.e.m.c.i.embedder.EclipseLogger - Copying 0 resource
2022-12-27 20:24:59,582 [Worker-12: Building] WARN  o.e.m.c.i.embedder.EclipseLogger - Using platform encoding (MS949 actually) to copy filtered resources, i.e. build is platform dependent!
2022-12-27 20:24:59,582 [Worker-12: Building] INFO  o.e.m.c.i.embedder.EclipseLogger - Copying 0 resource
2022-12-27 20:24:59,583 [Worker-12: Building] WARN  o.e.m.c.i.embedder.EclipseLogger - Using platform encoding (MS949 actually) to copy filtered resources, i.e. build is platform dependent!
2022-12-27 20:24:59,584 [Worker-12: Building] INFO  o.e.m.c.i.embedder.EclipseLogger - Copying 0 resource
2022-12-27 20:25:52,595 [Worker-8: Building] INFO  o.e.m.c.i.l.LifecycleMappingFactory - Using NULL lifecycle mapping for MavenProject: com.douzone:study:0.0.1-SNAPSHOT @ C:\Users\승학산-16\Desktop\새 폴더\study\pom.xml.
2022-12-27 20:25:52,611 [Worker-12: Updating Maven Project] INFO  o.e.m.c.i.p.ProjectConfigurationManager - Update started
2022-12-27 20:25:52,617 [Worker-12: Updating Maven Project] INFO  o.e.m.c.i.l.LifecycleMappingFactory - Using NULL lifecycle mapping for MavenProject: com.douzone:study:0.0.1-SNAPSHOT @ C:\Users\승학산-16\Desktop\새 폴더\study\pom.xml.
2022-12-27 20:25:52,663 [Worker-12: Updating Maven Project] INFO  o.e.m.c.i.p.ProjectConfigurationManager - Update completed for 1 poms: local refresh takes 0.00 sec, refresh facades takes 0.00 sec, update config takes 0.00 sec 
